[INFO ] 2022-07-08 10:22:50.165 [main] LoggerLoad - <-----------Testing Info--------------->
[WARN ] 2022-07-08 10:22:50.169 [main] LoggerLoad - <-----------Testing warn--------------->
[ERROR] 2022-07-08 10:22:50.169 [main] LoggerLoad - <-----------Testing error--------------->
[INFO ] 2022-08-04 08:41:53.337 [main] LoggerLoad - <-----------Testing Info--------------->
[WARN ] 2022-08-04 08:41:53.342 [main] LoggerLoad - <-----------Testing warn--------------->
[ERROR] 2022-08-04 08:41:53.342 [main] LoggerLoad - <-----------Testing error--------------->
[INFO ] 2022-08-04 08:43:04.408 [main] LoggerLoad - <-----------Testing Info--------------->
[WARN ] 2022-08-04 08:43:04.417 [main] LoggerLoad - <-----------Testing warn--------------->
[ERROR] 2022-08-04 08:43:04.417 [main] LoggerLoad - <-----------Testing error--------------->
[INFO ] 2022-08-04 08:49:18.673 [main] LoggerLoad - <-----------Testing Info--------------->
[WARN ] 2022-08-04 08:49:18.676 [main] LoggerLoad - <-----------Testing warn--------------->
[ERROR] 2022-08-04 08:49:18.677 [main] LoggerLoad - <-----------Testing error--------------->
[INFO ] 2022-08-04 09:19:54.709 [main] LoggerLoad - <-----------Testing Info--------------->
[WARN ] 2022-08-04 09:19:54.714 [main] LoggerLoad - <-----------Testing warn--------------->
[ERROR] 2022-08-04 09:19:54.715 [main] LoggerLoad - <-----------Testing error--------------->
[INFO ] 2022-08-04 09:21:23.080 [main] LoggerLoad - <-----------Testing Info--------------->
[WARN ] 2022-08-04 09:21:23.085 [main] LoggerLoad - <-----------Testing warn--------------->
[ERROR] 2022-08-04 09:21:23.085 [main] LoggerLoad - <-----------Testing error--------------->
[INFO ] 2022-10-21 12:16:18.243 [main] LoggerLoad - <---------------In Array Page starting-------------->
[INFO ] 2022-10-21 12:16:18.271 [main] LoggerLoad - <-------------In Assessment Page----------->
[INFO ] 2022-10-21 12:16:18.284 [main] LoggerLoad - <-------------close the button----------->
[INFO ] 2023-04-19 10:34:48.610 [main] LoggerLoad - <---------------In Array Page starting-------------->
[INFO ] 2023-04-19 10:34:48.631 [main] LoggerLoad - <-------------In Assessment Page----------->
[INFO ] 2023-04-19 10:34:48.638 [main] LoggerLoad - <-------------close the button----------->
[INFO ] 2023-09-15 15:57:40.124 [main] LoggerLoad - <---------------In Array Page starting-------------->
[INFO ] 2023-09-15 15:57:40.142 [main] LoggerLoad - <-------------In Assessment Page----------->
[INFO ] 2023-09-15 15:57:40.147 [main] LoggerLoad - <-------------close the button----------->
[INFO ] 2023-09-19 12:46:01.213 [main] LoggerLoad - <---------------In Array Page starting-------------->
[INFO ] 2023-09-19 12:46:01.226 [main] LoggerLoad - <-------------In Assessment Page----------->
[INFO ] 2023-09-19 12:46:01.230 [main] LoggerLoad - <-------------close the button----------->
[INFO ] 2023-11-14 11:25:22.990 [main] LoggerLoad - <---------------In Array Page starting-------------->
[INFO ] 2023-11-14 11:25:23.002 [main] LoggerLoad - <-------------In Assessment Page----------->
[INFO ] 2023-11-14 11:25:23.006 [main] LoggerLoad - <-------------close the button----------->
